<?xml version="1.0" encoding="UTF-8"?>
<!-- Generated by org.testng.reporters.JUnitReportReporter -->
<testsuite skipped="0" hostname="DD-PC" name="com.myntra.definition.Mobilepurchase" tests="3" failures="0" timestamp="10 Sep 2022 08:40:26 GMT" time="106.641" errors="0">
  <testcase name="search" time="26.742" classname="com.myntra.definition.Mobilepurchase"/>
  <testcase name="search" time="48.455" classname="com.myntra.definition.Mobilepurchase"/>
  <testcase name="search" time="31.444" classname="com.myntra.definition.Mobilepurchase"/>
</testsuite> <!-- com.myntra.definition.Mobilepurchase -->
